[{'dep_offset': 0,
  'name': 'MAIN_TAREADOR',
  'parent_ending_section': None,
  'parent_starting_section': None,
  'potential_children_tasks': [2, 4, 6],
  'starting_section': 1,
  'task_id': 0,
  'task_sections_cnt': 2,
  'usage_offset': 0},
 {'dep_offset': 340,
  'name': 'start_plan_forward',
  'parent_ending_section': 7,
  'parent_starting_section': 1,
  'potential_children_tasks': [],
  'starting_section': 2,
  'task_id': 1,
  'task_sections_cnt': 1,
  'usage_offset': 94},
 {'dep_offset': 520,
  'name': 'init_complex_grid',
  'parent_ending_section': 7,
  'parent_starting_section': 1,
  'potential_children_tasks': [],
  'starting_section': 4,
  'task_id': 2,
  'task_sections_cnt': 1,
  'usage_offset': 213},
 {'dep_offset': 709,
  'name': 'ffts1_and_transpositions',
  'parent_ending_section': 7,
  'parent_starting_section': 1,
  'potential_children_tasks': [],
  'starting_section': 6,
  'task_id': 3,
  'task_sections_cnt': 1,
  'usage_offset': 349}]
