->;section;tareador_instrumented_section;;;;0
nw;0;[0x7306b0,+8000);global;in_fftw;3dfft_seq.c;9;-|
nw;1;[0x7349f0,+8);global;p1d;3dfft_seq.c;16;-|
nw;2;[0x7349f8,+8);global;p;3dfft_seq.c;15;-|
nw;3;[0x7306a0,+8);global;p_do_not_delete_inserted_for_tareador;/Soft/PAR/fftw3/include/fftw3.h;49;-|
nw;4;[0x7325f0,+8000);global;tmp_fftw;3dfft_seq.c;10;-|
nw;5;[0x7ffcb22097e4,+12);stack;argv[0];-|
nw;6;[0x7ffcb22089dc,+4);stack;unknown_name;-|
nw;7;[0x7ffcb22089d8,+4);stack;argc;-|
nw;8;[0x7ffcb22089d0,+8);stack;argv;-|
nw;9;[0x7ffcb22089c8,+8);stack;stamp;-|
  ->;section;Tareador_Main;;;;0
  us;9;loads;;stores;[0,8)
    ->;section;start_plan_forward;;;;21
    us;1;loads;;stores;[0,8)
    <-;section;start_plan_forward;;;;35
  us;9;loads;[0,8);stores;[0,8)
    ->;section;init_complex_grid;;;;69
    us;0;loads;;stores;[0,8000)
    <-;section;init_complex_grid;;;;54511
  us;9;loads;[0,8);stores;[0,8)
    ->;section;ffts1_and_transpositions;;;;54544
    us;0;loads;[0,8000);stores;[0,8000)
    us;1;loads;[0,8);stores;
    us;4;loads;;stores;[0,8000)
    <-;section;ffts1_and_transpositions;;;;593752
  us;9;loads;[0,8);stores;[0,8)
  <-;section;Tareador_Main;;;;593772
dl;6;[0x7ffcb22089dc,+4);stack;unknown_name;-|
dl;7;[0x7ffcb22089d8,+4);stack;argc;-|
dl;8;[0x7ffcb22089d0,+8);stack;argv;-|
dl;9;[0x7ffcb22089c8,+8);stack;stamp;-|
<-;section;tareador_instrumented_section;;;;593772
