<<<0:global:MIN_MERGE_SIZE:multisort-tareador.c:9>>>
<<<1:global:MIN_SORT_SIZE:multisort-tareador.c:8>>>
<<<2:global:N:multisort-tareador.c:7>>>
<<<3:stack:argv[0]>>>
<<<4:stack:argv[1]>>>
<<<5:stack:argv[2]>>>
<<<6:stack:argv[3]>>>
<<<7:stack:unknown_name>>>
<<<8:stack:argc>>>
<<<9:stack:argv>>>
<<<10:stack:data>>>
<<<11:stack:tmp>>>
<<<12:heap:uncast(*(data))::main:/scratch/nas/1/par2108/lab4/multisort-tareador.c:115>>>
<<<13:heap:uncast(*(tmp))::main:/scratch/nas/1/par2108/lab4/multisort-tareador.c:116>>>
<<<14:stack:n>>>
<<<15:stack:left>>>
<<<16:stack:right>>>
<<<17:stack:result>>>
<<<18:stack:start>>>
<<<19:stack:length>>>
