printing dependencies for unit id: (0, 0)
 OUTGOING DEPENDENCIES:
  dep: (0, 0) -> (1, 0);  time 15 -> 0
  dep: (0, 0) -> (2, 0);  time 15 -> 0
  dep: (0, 0) -> (3, 0);  time 16 -> 0
 INCOMING DEPENDENCIES:
printing dependencies for unit id: (0, 1)
 OUTGOING DEPENDENCIES:
 INCOMING DEPENDENCIES:
  dep: (3, 0) -> (0, 1);  time 104728 -> 0
printing dependencies for unit id: (1, 0)
 OUTGOING DEPENDENCIES:
  dep: (1, 0) -> (3, 0);  time 229 -> 0
0:128:0:[0,128)
 INCOMING DEPENDENCIES:
  dep: (0, 0) -> (1, 0);  time 15 -> 0
printing dependencies for unit id: (2, 0)
 OUTGOING DEPENDENCIES:
  dep: (2, 0) -> (3, 0);  time 261 -> 0
12:128:12:[0,128)
 INCOMING DEPENDENCIES:
  dep: (0, 0) -> (2, 0);  time 15 -> 0
printing dependencies for unit id: (3, 0)
 OUTGOING DEPENDENCIES:
  dep: (3, 0) -> (0, 1);  time 104728 -> 0
 INCOMING DEPENDENCIES:
  dep: (0, 0) -> (3, 0);  time 16 -> 0
  dep: (1, 0) -> (3, 0);  time 229 -> 0
0:128:0:[0,128)
  dep: (2, 0) -> (3, 0);  time 261 -> 0
12:128:12:[0,128)
