[{'dep_offset': 0,
  'name': 'MAIN_TAREADOR',
  'parent_ending_section': None,
  'parent_starting_section': None,
  'potential_children_tasks': [2, 54, 106, 158, 210, 256, 302],
  'starting_section': 1,
  'task_id': 0,
  'task_sections_cnt': 2,
  'usage_offset': 0},
 {'dep_offset': 796,
  'name': 'multisort_1',
  'parent_ending_section': 395,
  'parent_starting_section': 1,
  'potential_children_tasks': [3, 5, 7, 9, 11, 21, 31],
  'starting_section': 2,
  'task_id': 1,
  'task_sections_cnt': 2,
  'usage_offset': 288},
 {'dep_offset': 1747,
  'name': 'multisort_1',
  'parent_ending_section': 52,
  'parent_starting_section': 2,
  'potential_children_tasks': [],
  'starting_section': 3,
  'task_id': 2,
  'task_sections_cnt': 1,
  'usage_offset': 764},
 {'dep_offset': 1983,
  'name': 'multisort_2',
  'parent_ending_section': 52,
  'parent_starting_section': 2,
  'potential_children_tasks': [],
  'starting_section': 5,
  'task_id': 3,
  'task_sections_cnt': 1,
  'usage_offset': 1116},
 {'dep_offset': 2222,
  'name': 'multisort_3',
  'parent_ending_section': 52,
  'parent_starting_section': 2,
  'potential_children_tasks': [],
  'starting_section': 7,
  'task_id': 4,
  'task_sections_cnt': 1,
  'usage_offset': 1490},
 {'dep_offset': 2462,
  'name': 'multisort_4',
  'parent_ending_section': 52,
  'parent_starting_section': 2,
  'potential_children_tasks': [],
  'starting_section': 9,
  'task_id': 5,
  'task_sections_cnt': 1,
  'usage_offset': 1864},
 {'dep_offset': 2702,
  'name': 'merge_in_sort_1',
  'parent_ending_section': 52,
  'parent_starting_section': 2,
  'potential_children_tasks': [12, 16],
  'starting_section': 11,
  'task_id': 6,
  'task_sections_cnt': 2,
  'usage_offset': 2238},
 {'dep_offset': 3635,
  'name': 'merge_1',
  'parent_ending_section': 19,
  'parent_starting_section': 11,
  'potential_children_tasks': [13],
  'starting_section': 12,
  'task_id': 7,
  'task_sections_cnt': 2,
  'usage_offset': 2937},
 {'dep_offset': 4245,
  'name': 'merge_1',
  'parent_ending_section': 14,
  'parent_starting_section': 12,
  'potential_children_tasks': [],
  'starting_section': 13,
  'task_id': 8,
  'task_sections_cnt': 1,
  'usage_offset': 3847},
 {'dep_offset': 4552,
  'name': 'merge_2',
  'parent_ending_section': 19,
  'parent_starting_section': 11,
  'potential_children_tasks': [17],
  'starting_section': 16,
  'task_id': 9,
  'task_sections_cnt': 2,
  'usage_offset': 4519},
 {'dep_offset': 5270,
  'name': 'merge_1',
  'parent_ending_section': 18,
  'parent_starting_section': 16,
  'potential_children_tasks': [],
  'starting_section': 17,
  'task_id': 10,
  'task_sections_cnt': 1,
  'usage_offset': 5429},
 {'dep_offset': 5633,
  'name': 'merge_in_sort_2',
  'parent_ending_section': 52,
  'parent_starting_section': 2,
  'potential_children_tasks': [22, 26],
  'starting_section': 21,
  'task_id': 11,
  'task_sections_cnt': 2,
  'usage_offset': 6209},
 {'dep_offset': 6614,
  'name': 'merge_1',
  'parent_ending_section': 29,
  'parent_starting_section': 21,
  'potential_children_tasks': [23],
  'starting_section': 22,
  'task_id': 12,
  'task_sections_cnt': 2,
  'usage_offset': 6923},
 {'dep_offset': 7260,
  'name': 'merge_1',
  'parent_ending_section': 24,
  'parent_starting_section': 22,
  'potential_children_tasks': [],
  'starting_section': 23,
  'task_id': 13,
  'task_sections_cnt': 1,
  'usage_offset': 7860},
 {'dep_offset': 7585,
  'name': 'merge_2',
  'parent_ending_section': 29,
  'parent_starting_section': 21,
  'potential_children_tasks': [27],
  'starting_section': 26,
  'task_id': 14,
  'task_sections_cnt': 2,
  'usage_offset': 8560},
 {'dep_offset': 8341,
  'name': 'merge_1',
  'parent_ending_section': 28,
  'parent_starting_section': 26,
  'potential_children_tasks': [],
  'starting_section': 27,
  'task_id': 15,
  'task_sections_cnt': 1,
  'usage_offset': 9497},
 {'dep_offset': 8721,
  'name': 'merge_in_sort_3',
  'parent_ending_section': 52,
  'parent_starting_section': 2,
  'potential_children_tasks': [32, 42],
  'starting_section': 31,
  'task_id': 16,
  'task_sections_cnt': 2,
  'usage_offset': 10307},
 {'dep_offset': 9679,
  'name': 'merge_1',
  'parent_ending_section': 51,
  'parent_starting_section': 31,
  'potential_children_tasks': [33, 37],
  'starting_section': 32,
  'task_id': 17,
  'task_sections_cnt': 2,
  'usage_offset': 11021},
 {'dep_offset': 10582,
  'name': 'merge_1',
  'parent_ending_section': 40,
  'parent_starting_section': 32,
  'potential_children_tasks': [34],
  'starting_section': 33,
  'task_id': 18,
  'task_sections_cnt': 2,
  'usage_offset': 11958},
 {'dep_offset': 11214,
  'name': 'merge_1',
  'parent_ending_section': 35,
  'parent_starting_section': 33,
  'potential_children_tasks': [],
  'starting_section': 34,
  'task_id': 19,
  'task_sections_cnt': 1,
  'usage_offset': 12922},
 {'dep_offset': 11532,
  'name': 'merge_2',
  'parent_ending_section': 40,
  'parent_starting_section': 32,
  'potential_children_tasks': [38],
  'starting_section': 37,
  'task_id': 20,
  'task_sections_cnt': 2,
  'usage_offset': 13626},
 {'dep_offset': 12266,
  'name': 'merge_1',
  'parent_ending_section': 39,
  'parent_starting_section': 37,
  'potential_children_tasks': [],
  'starting_section': 38,
  'task_id': 21,
  'task_sections_cnt': 1,
  'usage_offset': 14590},
 {'dep_offset': 12635,
  'name': 'merge_2',
  'parent_ending_section': 51,
  'parent_starting_section': 31,
  'potential_children_tasks': [43, 47],
  'starting_section': 42,
  'task_id': 22,
  'task_sections_cnt': 2,
  'usage_offset': 15396},
 {'dep_offset': 13685,
  'name': 'merge_1',
  'parent_ending_section': 50,
  'parent_starting_section': 42,
  'potential_children_tasks': [44],
  'starting_section': 43,
  'task_id': 23,
  'task_sections_cnt': 2,
  'usage_offset': 16333},
 {'dep_offset': 14465,
  'name': 'merge_1',
  'parent_ending_section': 45,
  'parent_starting_section': 43,
  'potential_children_tasks': [],
  'starting_section': 44,
  'task_id': 24,
  'task_sections_cnt': 1,
  'usage_offset': 17297},
 {'dep_offset': 14857,
  'name': 'merge_2',
  'parent_ending_section': 50,
  'parent_starting_section': 42,
  'potential_children_tasks': [48],
  'starting_section': 47,
  'task_id': 25,
  'task_sections_cnt': 2,
  'usage_offset': 18149},
 {'dep_offset': 15613,
  'name': 'merge_1',
  'parent_ending_section': 49,
  'parent_starting_section': 47,
  'potential_children_tasks': [],
  'starting_section': 48,
  'task_id': 26,
  'task_sections_cnt': 1,
  'usage_offset': 19113},
 {'dep_offset': 15993,
  'name': 'multisort_2',
  'parent_ending_section': 395,
  'parent_starting_section': 1,
  'potential_children_tasks': [55, 57, 59, 61, 63, 73, 83],
  'starting_section': 54,
  'task_id': 27,
  'task_sections_cnt': 2,
  'usage_offset': 19941},
 {'dep_offset': 16988,
  'name': 'multisort_1',
  'parent_ending_section': 104,
  'parent_starting_section': 54,
  'potential_children_tasks': [],
  'starting_section': 55,
  'task_id': 28,
  'task_sections_cnt': 1,
  'usage_offset': 20441},
 {'dep_offset': 17235,
  'name': 'multisort_2',
  'parent_ending_section': 104,
  'parent_starting_section': 54,
  'potential_children_tasks': [],
  'starting_section': 57,
  'task_id': 29,
  'task_sections_cnt': 1,
  'usage_offset': 20827},
 {'dep_offset': 17482,
  'name': 'multisort_3',
  'parent_ending_section': 104,
  'parent_starting_section': 54,
  'potential_children_tasks': [],
  'starting_section': 59,
  'task_id': 30,
  'task_sections_cnt': 1,
  'usage_offset': 21213},
 {'dep_offset': 17729,
  'name': 'multisort_4',
  'parent_ending_section': 104,
  'parent_starting_section': 54,
  'potential_children_tasks': [],
  'starting_section': 61,
  'task_id': 31,
  'task_sections_cnt': 1,
  'usage_offset': 21599},
 {'dep_offset': 17976,
  'name': 'merge_in_sort_1',
  'parent_ending_section': 104,
  'parent_starting_section': 54,
  'potential_children_tasks': [64, 68],
  'starting_section': 63,
  'task_id': 32,
  'task_sections_cnt': 2,
  'usage_offset': 21985},
 {'dep_offset': 18963,
  'name': 'merge_1',
  'parent_ending_section': 71,
  'parent_starting_section': 63,
  'potential_children_tasks': [65],
  'starting_section': 64,
  'task_id': 33,
  'task_sections_cnt': 2,
  'usage_offset': 22705},
 {'dep_offset': 19609,
  'name': 'merge_1',
  'parent_ending_section': 66,
  'parent_starting_section': 64,
  'potential_children_tasks': [],
  'starting_section': 65,
  'task_id': 34,
  'task_sections_cnt': 1,
  'usage_offset': 23642},
 {'dep_offset': 19934,
  'name': 'merge_2',
  'parent_ending_section': 71,
  'parent_starting_section': 63,
  'potential_children_tasks': [69],
  'starting_section': 68,
  'task_id': 35,
  'task_sections_cnt': 2,
  'usage_offset': 24342},
 {'dep_offset': 20690,
  'name': 'merge_1',
  'parent_ending_section': 70,
  'parent_starting_section': 68,
  'potential_children_tasks': [],
  'starting_section': 69,
  'task_id': 36,
  'task_sections_cnt': 1,
  'usage_offset': 25279},
 {'dep_offset': 21070,
  'name': 'merge_in_sort_2',
  'parent_ending_section': 104,
  'parent_starting_section': 54,
  'potential_children_tasks': [74, 78],
  'starting_section': 73,
  'task_id': 37,
  'task_sections_cnt': 2,
  'usage_offset': 26089},
 {'dep_offset': 22057,
  'name': 'merge_1',
  'parent_ending_section': 81,
  'parent_starting_section': 73,
  'potential_children_tasks': [75],
  'starting_section': 74,
  'task_id': 38,
  'task_sections_cnt': 2,
  'usage_offset': 26809},
 {'dep_offset': 22703,
  'name': 'merge_1',
  'parent_ending_section': 76,
  'parent_starting_section': 74,
  'potential_children_tasks': [],
  'starting_section': 75,
  'task_id': 39,
  'task_sections_cnt': 1,
  'usage_offset': 27746},
 {'dep_offset': 23028,
  'name': 'merge_2',
  'parent_ending_section': 81,
  'parent_starting_section': 73,
  'potential_children_tasks': [79],
  'starting_section': 78,
  'task_id': 40,
  'task_sections_cnt': 2,
  'usage_offset': 28446},
 {'dep_offset': 23784,
  'name': 'merge_1',
  'parent_ending_section': 80,
  'parent_starting_section': 78,
  'potential_children_tasks': [],
  'starting_section': 79,
  'task_id': 41,
  'task_sections_cnt': 1,
  'usage_offset': 29383},
 {'dep_offset': 24164,
  'name': 'merge_in_sort_3',
  'parent_ending_section': 104,
  'parent_starting_section': 54,
  'potential_children_tasks': [84, 94],
  'starting_section': 83,
  'task_id': 42,
  'task_sections_cnt': 2,
  'usage_offset': 30193},
 {'dep_offset': 25150,
  'name': 'merge_1',
  'parent_ending_section': 103,
  'parent_starting_section': 83,
  'potential_children_tasks': [85, 89],
  'starting_section': 84,
  'task_id': 43,
  'task_sections_cnt': 2,
  'usage_offset': 30916},
 {'dep_offset': 26077,
  'name': 'merge_1',
  'parent_ending_section': 92,
  'parent_starting_section': 84,
  'potential_children_tasks': [86],
  'starting_section': 85,
  'task_id': 44,
  'task_sections_cnt': 2,
  'usage_offset': 31853},
 {'dep_offset': 26723,
  'name': 'merge_1',
  'parent_ending_section': 87,
  'parent_starting_section': 85,
  'potential_children_tasks': [],
  'starting_section': 86,
  'task_id': 45,
  'task_sections_cnt': 1,
  'usage_offset': 32817},
 {'dep_offset': 27048,
  'name': 'merge_2',
  'parent_ending_section': 92,
  'parent_starting_section': 84,
  'potential_children_tasks': [90],
  'starting_section': 89,
  'task_id': 46,
  'task_sections_cnt': 2,
  'usage_offset': 33535},
 {'dep_offset': 27804,
  'name': 'merge_1',
  'parent_ending_section': 91,
  'parent_starting_section': 89,
  'potential_children_tasks': [],
  'starting_section': 90,
  'task_id': 47,
  'task_sections_cnt': 1,
  'usage_offset': 34499},
 {'dep_offset': 28184,
  'name': 'merge_2',
  'parent_ending_section': 103,
  'parent_starting_section': 83,
  'potential_children_tasks': [95, 99],
  'starting_section': 94,
  'task_id': 48,
  'task_sections_cnt': 2,
  'usage_offset': 35327},
 {'dep_offset': 29243,
  'name': 'merge_1',
  'parent_ending_section': 102,
  'parent_starting_section': 94,
  'potential_children_tasks': [96],
  'starting_section': 95,
  'task_id': 49,
  'task_sections_cnt': 2,
  'usage_offset': 36267},
 {'dep_offset': 30043,
  'name': 'merge_1',
  'parent_ending_section': 97,
  'parent_starting_section': 95,
  'potential_children_tasks': [],
  'starting_section': 96,
  'task_id': 50,
  'task_sections_cnt': 1,
  'usage_offset': 37231},
 {'dep_offset': 30445,
  'name': 'merge_2',
  'parent_ending_section': 102,
  'parent_starting_section': 94,
  'potential_children_tasks': [100],
  'starting_section': 99,
  'task_id': 51,
  'task_sections_cnt': 2,
  'usage_offset': 38103},
 {'dep_offset': 31179,
  'name': 'merge_1',
  'parent_ending_section': 101,
  'parent_starting_section': 99,
  'potential_children_tasks': [],
  'starting_section': 100,
  'task_id': 52,
  'task_sections_cnt': 1,
  'usage_offset': 39070},
 {'dep_offset': 31548,
  'name': 'multisort_3',
  'parent_ending_section': 395,
  'parent_starting_section': 1,
  'potential_children_tasks': [107, 109, 111, 113, 115, 125, 135],
  'starting_section': 106,
  'task_id': 53,
  'task_sections_cnt': 2,
  'usage_offset': 39880},
 {'dep_offset': 32545,
  'name': 'multisort_1',
  'parent_ending_section': 156,
  'parent_starting_section': 106,
  'potential_children_tasks': [],
  'starting_section': 107,
  'task_id': 54,
  'task_sections_cnt': 1,
  'usage_offset': 40386},
 {'dep_offset': 32792,
  'name': 'multisort_2',
  'parent_ending_section': 156,
  'parent_starting_section': 106,
  'potential_children_tasks': [],
  'starting_section': 109,
  'task_id': 55,
  'task_sections_cnt': 1,
  'usage_offset': 40778},
 {'dep_offset': 33040,
  'name': 'multisort_3',
  'parent_ending_section': 156,
  'parent_starting_section': 106,
  'potential_children_tasks': [],
  'starting_section': 111,
  'task_id': 56,
  'task_sections_cnt': 1,
  'usage_offset': 41176},
 {'dep_offset': 33289,
  'name': 'multisort_4',
  'parent_ending_section': 156,
  'parent_starting_section': 106,
  'potential_children_tasks': [],
  'starting_section': 113,
  'task_id': 57,
  'task_sections_cnt': 1,
  'usage_offset': 41578},
 {'dep_offset': 33538,
  'name': 'merge_in_sort_1',
  'parent_ending_section': 156,
  'parent_starting_section': 106,
  'potential_children_tasks': [116, 120],
  'starting_section': 115,
  'task_id': 58,
  'task_sections_cnt': 2,
  'usage_offset': 41980},
 {'dep_offset': 34529,
  'name': 'merge_1',
  'parent_ending_section': 123,
  'parent_starting_section': 115,
  'potential_children_tasks': [117],
  'starting_section': 116,
  'task_id': 59,
  'task_sections_cnt': 2,
  'usage_offset': 42711},
 {'dep_offset': 35175,
  'name': 'merge_1',
  'parent_ending_section': 118,
  'parent_starting_section': 116,
  'potential_children_tasks': [],
  'starting_section': 117,
  'task_id': 60,
  'task_sections_cnt': 1,
  'usage_offset': 43659},
 {'dep_offset': 35500,
  'name': 'merge_2',
  'parent_ending_section': 123,
  'parent_starting_section': 115,
  'potential_children_tasks': [121],
  'starting_section': 120,
  'task_id': 61,
  'task_sections_cnt': 2,
  'usage_offset': 44367},
 {'dep_offset': 36260,
  'name': 'merge_1',
  'parent_ending_section': 122,
  'parent_starting_section': 120,
  'potential_children_tasks': [],
  'starting_section': 121,
  'task_id': 62,
  'task_sections_cnt': 1,
  'usage_offset': 45315},
 {'dep_offset': 36642,
  'name': 'merge_in_sort_2',
  'parent_ending_section': 156,
  'parent_starting_section': 106,
  'potential_children_tasks': [126, 130],
  'starting_section': 125,
  'task_id': 63,
  'task_sections_cnt': 2,
  'usage_offset': 46137},
 {'dep_offset': 37644,
  'name': 'merge_1',
  'parent_ending_section': 133,
  'parent_starting_section': 125,
  'potential_children_tasks': [127],
  'starting_section': 126,
  'task_id': 64,
  'task_sections_cnt': 2,
  'usage_offset': 46868},
 {'dep_offset': 38302,
  'name': 'merge_1',
  'parent_ending_section': 128,
  'parent_starting_section': 126,
  'potential_children_tasks': [],
  'starting_section': 127,
  'task_id': 65,
  'task_sections_cnt': 1,
  'usage_offset': 47816},
 {'dep_offset': 38633,
  'name': 'merge_2',
  'parent_ending_section': 133,
  'parent_starting_section': 125,
  'potential_children_tasks': [131],
  'starting_section': 130,
  'task_id': 66,
  'task_sections_cnt': 2,
  'usage_offset': 48536},
 {'dep_offset': 39395,
  'name': 'merge_1',
  'parent_ending_section': 132,
  'parent_starting_section': 130,
  'potential_children_tasks': [],
  'starting_section': 131,
  'task_id': 67,
  'task_sections_cnt': 1,
  'usage_offset': 49484},
 {'dep_offset': 39778,
  'name': 'merge_in_sort_3',
  'parent_ending_section': 156,
  'parent_starting_section': 106,
  'potential_children_tasks': [136, 146],
  'starting_section': 135,
  'task_id': 68,
  'task_sections_cnt': 2,
  'usage_offset': 50308},
 {'dep_offset': 40786,
  'name': 'merge_1',
  'parent_ending_section': 155,
  'parent_starting_section': 135,
  'potential_children_tasks': [137, 141],
  'starting_section': 136,
  'task_id': 69,
  'task_sections_cnt': 2,
  'usage_offset': 51039},
 {'dep_offset': 41729,
  'name': 'merge_1',
  'parent_ending_section': 144,
  'parent_starting_section': 136,
  'potential_children_tasks': [138],
  'starting_section': 137,
  'task_id': 70,
  'task_sections_cnt': 2,
  'usage_offset': 51987},
 {'dep_offset': 42379,
  'name': 'merge_1',
  'parent_ending_section': 139,
  'parent_starting_section': 137,
  'potential_children_tasks': [],
  'starting_section': 138,
  'task_id': 71,
  'task_sections_cnt': 1,
  'usage_offset': 52962},
 {'dep_offset': 42706,
  'name': 'merge_2',
  'parent_ending_section': 144,
  'parent_starting_section': 136,
  'potential_children_tasks': [142],
  'starting_section': 141,
  'task_id': 72,
  'task_sections_cnt': 2,
  'usage_offset': 53692},
 {'dep_offset': 43484,
  'name': 'merge_1',
  'parent_ending_section': 143,
  'parent_starting_section': 141,
  'potential_children_tasks': [],
  'starting_section': 142,
  'task_id': 73,
  'task_sections_cnt': 1,
  'usage_offset': 54667},
 {'dep_offset': 43875,
  'name': 'merge_2',
  'parent_ending_section': 155,
  'parent_starting_section': 135,
  'potential_children_tasks': [147, 151],
  'starting_section': 146,
  'task_id': 74,
  'task_sections_cnt': 2,
  'usage_offset': 55525},
 {'dep_offset': 44976,
  'name': 'merge_1',
  'parent_ending_section': 154,
  'parent_starting_section': 146,
  'potential_children_tasks': [148],
  'starting_section': 147,
  'task_id': 75,
  'task_sections_cnt': 2,
  'usage_offset': 56473},
 {'dep_offset': 45782,
  'name': 'merge_1',
  'parent_ending_section': 149,
  'parent_starting_section': 147,
  'potential_children_tasks': [],
  'starting_section': 148,
  'task_id': 76,
  'task_sections_cnt': 1,
  'usage_offset': 57448},
 {'dep_offset': 46187,
  'name': 'merge_2',
  'parent_ending_section': 154,
  'parent_starting_section': 146,
  'potential_children_tasks': [152],
  'starting_section': 151,
  'task_id': 77,
  'task_sections_cnt': 2,
  'usage_offset': 58334},
 {'dep_offset': 46969,
  'name': 'merge_1',
  'parent_ending_section': 153,
  'parent_starting_section': 151,
  'potential_children_tasks': [],
  'starting_section': 152,
  'task_id': 78,
  'task_sections_cnt': 1,
  'usage_offset': 59309},
 {'dep_offset': 47362,
  'name': 'multisort_4',
  'parent_ending_section': 395,
  'parent_starting_section': 1,
  'potential_children_tasks': [159, 161, 163, 165, 167, 177, 187],
  'starting_section': 158,
  'task_id': 79,
  'task_sections_cnt': 2,
  'usage_offset': 60171},
 {'dep_offset': 48361,
  'name': 'multisort_1',
  'parent_ending_section': 208,
  'parent_starting_section': 158,
  'potential_children_tasks': [],
  'starting_section': 159,
  'task_id': 80,
  'task_sections_cnt': 1,
  'usage_offset': 60679},
 {'dep_offset': 48610,
  'name': 'multisort_2',
  'parent_ending_section': 208,
  'parent_starting_section': 158,
  'potential_children_tasks': [],
  'starting_section': 161,
  'task_id': 81,
  'task_sections_cnt': 1,
  'usage_offset': 61081},
 {'dep_offset': 48859,
  'name': 'multisort_3',
  'parent_ending_section': 208,
  'parent_starting_section': 158,
  'potential_children_tasks': [],
  'starting_section': 163,
  'task_id': 82,
  'task_sections_cnt': 1,
  'usage_offset': 61483},
 {'dep_offset': 49108,
  'name': 'multisort_4',
  'parent_ending_section': 208,
  'parent_starting_section': 158,
  'potential_children_tasks': [],
  'starting_section': 165,
  'task_id': 83,
  'task_sections_cnt': 1,
  'usage_offset': 61885},
 {'dep_offset': 49357,
  'name': 'merge_in_sort_1',
  'parent_ending_section': 208,
  'parent_starting_section': 158,
  'potential_children_tasks': [168, 172],
  'starting_section': 167,
  'task_id': 84,
  'task_sections_cnt': 2,
  'usage_offset': 62287},
 {'dep_offset': 50384,
  'name': 'merge_1',
  'parent_ending_section': 175,
  'parent_starting_section': 167,
  'potential_children_tasks': [169],
  'starting_section': 168,
  'task_id': 85,
  'task_sections_cnt': 2,
  'usage_offset': 63030},
 {'dep_offset': 51054,
  'name': 'merge_1',
  'parent_ending_section': 170,
  'parent_starting_section': 168,
  'potential_children_tasks': [],
  'starting_section': 169,
  'task_id': 86,
  'task_sections_cnt': 1,
  'usage_offset': 64002},
 {'dep_offset': 51391,
  'name': 'merge_2',
  'parent_ending_section': 175,
  'parent_starting_section': 167,
  'potential_children_tasks': [173],
  'starting_section': 172,
  'task_id': 87,
  'task_sections_cnt': 2,
  'usage_offset': 64734},
 {'dep_offset': 52191,
  'name': 'merge_1',
  'parent_ending_section': 174,
  'parent_starting_section': 172,
  'potential_children_tasks': [],
  'starting_section': 173,
  'task_id': 88,
  'task_sections_cnt': 1,
  'usage_offset': 65706},
 {'dep_offset': 52593,
  'name': 'merge_in_sort_2',
  'parent_ending_section': 208,
  'parent_starting_section': 158,
  'potential_children_tasks': [178, 182],
  'starting_section': 177,
  'task_id': 89,
  'task_sections_cnt': 2,
  'usage_offset': 66568},
 {'dep_offset': 53620,
  'name': 'merge_1',
  'parent_ending_section': 185,
  'parent_starting_section': 177,
  'potential_children_tasks': [179],
  'starting_section': 178,
  'task_id': 90,
  'task_sections_cnt': 2,
  'usage_offset': 67311},
 {'dep_offset': 54290,
  'name': 'merge_1',
  'parent_ending_section': 180,
  'parent_starting_section': 178,
  'potential_children_tasks': [],
  'starting_section': 179,
  'task_id': 91,
  'task_sections_cnt': 1,
  'usage_offset': 68283},
 {'dep_offset': 54627,
  'name': 'merge_2',
  'parent_ending_section': 185,
  'parent_starting_section': 177,
  'potential_children_tasks': [183],
  'starting_section': 182,
  'task_id': 92,
  'task_sections_cnt': 2,
  'usage_offset': 69015},
 {'dep_offset': 55427,
  'name': 'merge_1',
  'parent_ending_section': 184,
  'parent_starting_section': 182,
  'potential_children_tasks': [],
  'starting_section': 183,
  'task_id': 93,
  'task_sections_cnt': 1,
  'usage_offset': 69987},
 {'dep_offset': 55829,
  'name': 'merge_in_sort_3',
  'parent_ending_section': 208,
  'parent_starting_section': 158,
  'potential_children_tasks': [188, 198],
  'starting_section': 187,
  'task_id': 94,
  'task_sections_cnt': 2,
  'usage_offset': 70849},
 {'dep_offset': 56859,
  'name': 'merge_1',
  'parent_ending_section': 207,
  'parent_starting_section': 187,
  'potential_children_tasks': [189, 193],
  'starting_section': 188,
  'task_id': 95,
  'task_sections_cnt': 2,
  'usage_offset': 71592},
 {'dep_offset': 57832,
  'name': 'merge_1',
  'parent_ending_section': 196,
  'parent_starting_section': 188,
  'potential_children_tasks': [190],
  'starting_section': 189,
  'task_id': 96,
  'task_sections_cnt': 2,
  'usage_offset': 72564},
 {'dep_offset': 58502,
  'name': 'merge_1',
  'parent_ending_section': 191,
  'parent_starting_section': 189,
  'potential_children_tasks': [],
  'starting_section': 190,
  'task_id': 97,
  'task_sections_cnt': 1,
  'usage_offset': 73563},
 {'dep_offset': 58839,
  'name': 'merge_2',
  'parent_ending_section': 196,
  'parent_starting_section': 188,
  'potential_children_tasks': [194],
  'starting_section': 193,
  'task_id': 98,
  'task_sections_cnt': 2,
  'usage_offset': 74313},
 {'dep_offset': 59639,
  'name': 'merge_1',
  'parent_ending_section': 195,
  'parent_starting_section': 193,
  'potential_children_tasks': [],
  'starting_section': 194,
  'task_id': 99,
  'task_sections_cnt': 1,
  'usage_offset': 75312},
 {'dep_offset': 60041,
  'name': 'merge_2',
  'parent_ending_section': 207,
  'parent_starting_section': 187,
  'potential_children_tasks': [199, 203],
  'starting_section': 198,
  'task_id': 100,
  'task_sections_cnt': 2,
  'usage_offset': 76192},
 {'dep_offset': 61182,
  'name': 'merge_1',
  'parent_ending_section': 206,
  'parent_starting_section': 198,
  'potential_children_tasks': [200],
  'starting_section': 199,
  'task_id': 101,
  'task_sections_cnt': 2,
  'usage_offset': 77167},
 {'dep_offset': 62018,
  'name': 'merge_1',
  'parent_ending_section': 201,
  'parent_starting_section': 199,
  'potential_children_tasks': [],
  'starting_section': 200,
  'task_id': 102,
  'task_sections_cnt': 1,
  'usage_offset': 78169},
 {'dep_offset': 62438,
  'name': 'merge_2',
  'parent_ending_section': 206,
  'parent_starting_section': 198,
  'potential_children_tasks': [204],
  'starting_section': 203,
  'task_id': 103,
  'task_sections_cnt': 2,
  'usage_offset': 79077},
 {'dep_offset': 63248,
  'name': 'merge_1',
  'parent_ending_section': 205,
  'parent_starting_section': 203,
  'potential_children_tasks': [],
  'starting_section': 204,
  'task_id': 104,
  'task_sections_cnt': 1,
  'usage_offset': 80079},
 {'dep_offset': 63655,
  'name': 'merge_in_sort_1',
  'parent_ending_section': 395,
  'parent_starting_section': 1,
  'potential_children_tasks': [211, 233],
  'starting_section': 210,
  'task_id': 105,
  'task_sections_cnt': 2,
  'usage_offset': 80961},
 {'dep_offset': 64673,
  'name': 'merge_1',
  'parent_ending_section': 254,
  'parent_starting_section': 210,
  'potential_children_tasks': [212, 222],
  'starting_section': 211,
  'task_id': 106,
  'task_sections_cnt': 2,
  'usage_offset': 81680},
 {'dep_offset': 65653,
  'name': 'merge_1',
  'parent_ending_section': 231,
  'parent_starting_section': 211,
  'potential_children_tasks': [213, 217],
  'starting_section': 212,
  'task_id': 107,
  'task_sections_cnt': 2,
  'usage_offset': 82628},
 {'dep_offset': 66596,
  'name': 'merge_1',
  'parent_ending_section': 220,
  'parent_starting_section': 212,
  'potential_children_tasks': [214],
  'starting_section': 213,
  'task_id': 108,
  'task_sections_cnt': 2,
  'usage_offset': 83603},
 {'dep_offset': 67250,
  'name': 'merge_1',
  'parent_ending_section': 215,
  'parent_starting_section': 213,
  'potential_children_tasks': [],
  'starting_section': 214,
  'task_id': 109,
  'task_sections_cnt': 1,
  'usage_offset': 84605},
 {'dep_offset': 67579,
  'name': 'merge_2',
  'parent_ending_section': 220,
  'parent_starting_section': 212,
  'potential_children_tasks': [218],
  'starting_section': 217,
  'task_id': 110,
  'task_sections_cnt': 2,
  'usage_offset': 85331},
 {'dep_offset': 68351,
  'name': 'merge_1',
  'parent_ending_section': 219,
  'parent_starting_section': 217,
  'potential_children_tasks': [],
  'starting_section': 218,
  'task_id': 111,
  'task_sections_cnt': 1,
  'usage_offset': 86333},
 {'dep_offset': 68739,
  'name': 'merge_2',
  'parent_ending_section': 231,
  'parent_starting_section': 211,
  'potential_children_tasks': [223, 227],
  'starting_section': 222,
  'task_id': 112,
  'task_sections_cnt': 2,
  'usage_offset': 87177},
 {'dep_offset': 69874,
  'name': 'merge_1',
  'parent_ending_section': 230,
  'parent_starting_section': 222,
  'potential_children_tasks': [224],
  'starting_section': 223,
  'task_id': 113,
  'task_sections_cnt': 2,
  'usage_offset': 88152},
 {'dep_offset': 70674,
  'name': 'merge_1',
  'parent_ending_section': 225,
  'parent_starting_section': 223,
  'potential_children_tasks': [],
  'starting_section': 224,
  'task_id': 114,
  'task_sections_cnt': 1,
  'usage_offset': 89154},
 {'dep_offset': 71076,
  'name': 'merge_2',
  'parent_ending_section': 230,
  'parent_starting_section': 222,
  'potential_children_tasks': [228],
  'starting_section': 227,
  'task_id': 115,
  'task_sections_cnt': 2,
  'usage_offset': 90026},
 {'dep_offset': 71920,
  'name': 'merge_1',
  'parent_ending_section': 229,
  'parent_starting_section': 227,
  'potential_children_tasks': [],
  'starting_section': 228,
  'task_id': 116,
  'task_sections_cnt': 1,
  'usage_offset': 91028},
 {'dep_offset': 72344,
  'name': 'merge_2',
  'parent_ending_section': 254,
  'parent_starting_section': 210,
  'potential_children_tasks': [234, 244],
  'starting_section': 233,
  'task_id': 117,
  'task_sections_cnt': 2,
  'usage_offset': 91944},
 {'dep_offset': 73413,
  'name': 'merge_1',
  'parent_ending_section': 253,
  'parent_starting_section': 233,
  'potential_children_tasks': [235, 239],
  'starting_section': 234,
  'task_id': 118,
  'task_sections_cnt': 2,
  'usage_offset': 92892},
 {'dep_offset': 74570,
  'name': 'merge_1',
  'parent_ending_section': 242,
  'parent_starting_section': 234,
  'potential_children_tasks': [236],
  'starting_section': 235,
  'task_id': 119,
  'task_sections_cnt': 2,
  'usage_offset': 93867},
 {'dep_offset': 75414,
  'name': 'merge_1',
  'parent_ending_section': 237,
  'parent_starting_section': 235,
  'potential_children_tasks': [],
  'starting_section': 236,
  'task_id': 120,
  'task_sections_cnt': 1,
  'usage_offset': 94869},
 {'dep_offset': 75838,
  'name': 'merge_2',
  'parent_ending_section': 242,
  'parent_starting_section': 234,
  'potential_children_tasks': [240],
  'starting_section': 239,
  'task_id': 121,
  'task_sections_cnt': 2,
  'usage_offset': 95785},
 {'dep_offset': 76660,
  'name': 'merge_1',
  'parent_ending_section': 241,
  'parent_starting_section': 239,
  'potential_children_tasks': [],
  'starting_section': 240,
  'task_id': 122,
  'task_sections_cnt': 1,
  'usage_offset': 96787},
 {'dep_offset': 77073,
  'name': 'merge_2',
  'parent_ending_section': 253,
  'parent_starting_section': 233,
  'potential_children_tasks': [245, 249],
  'starting_section': 244,
  'task_id': 123,
  'task_sections_cnt': 2,
  'usage_offset': 97681},
 {'dep_offset': 78032,
  'name': 'merge_1',
  'parent_ending_section': 252,
  'parent_starting_section': 244,
  'potential_children_tasks': [246],
  'starting_section': 245,
  'task_id': 124,
  'task_sections_cnt': 2,
  'usage_offset': 98656},
 {'dep_offset': 78700,
  'name': 'merge_1',
  'parent_ending_section': 247,
  'parent_starting_section': 245,
  'potential_children_tasks': [],
  'starting_section': 246,
  'task_id': 125,
  'task_sections_cnt': 1,
  'usage_offset': 99658},
 {'dep_offset': 79036,
  'name': 'merge_2',
  'parent_ending_section': 252,
  'parent_starting_section': 244,
  'potential_children_tasks': [250],
  'starting_section': 249,
  'task_id': 126,
  'task_sections_cnt': 2,
  'usage_offset': 100398},
 {'dep_offset': 79814,
  'name': 'merge_1',
  'parent_ending_section': 251,
  'parent_starting_section': 249,
  'potential_children_tasks': [],
  'starting_section': 250,
  'task_id': 127,
  'task_sections_cnt': 1,
  'usage_offset': 101400},
 {'dep_offset': 80205,
  'name': 'merge_in_sort_2',
  'parent_ending_section': 395,
  'parent_starting_section': 1,
  'potential_children_tasks': [257, 279],
  'starting_section': 256,
  'task_id': 128,
  'task_sections_cnt': 2,
  'usage_offset': 102250},
 {'dep_offset': 81273,
  'name': 'merge_1',
  'parent_ending_section': 300,
  'parent_starting_section': 256,
  'potential_children_tasks': [258, 268],
  'starting_section': 257,
  'task_id': 129,
  'task_sections_cnt': 2,
  'usage_offset': 102969},
 {'dep_offset': 82285,
  'name': 'merge_1',
  'parent_ending_section': 277,
  'parent_starting_section': 257,
  'potential_children_tasks': [259, 263],
  'starting_section': 258,
  'task_id': 130,
  'task_sections_cnt': 2,
  'usage_offset': 103917},
 {'dep_offset': 83256,
  'name': 'merge_1',
  'parent_ending_section': 266,
  'parent_starting_section': 258,
  'potential_children_tasks': [260],
  'starting_section': 259,
  'task_id': 131,
  'task_sections_cnt': 2,
  'usage_offset': 104892},
 {'dep_offset': 83928,
  'name': 'merge_1',
  'parent_ending_section': 261,
  'parent_starting_section': 259,
  'potential_children_tasks': [],
  'starting_section': 260,
  'task_id': 132,
  'task_sections_cnt': 1,
  'usage_offset': 105894},
 {'dep_offset': 84266,
  'name': 'merge_2',
  'parent_ending_section': 266,
  'parent_starting_section': 258,
  'potential_children_tasks': [264],
  'starting_section': 263,
  'task_id': 133,
  'task_sections_cnt': 2,
  'usage_offset': 106638},
 {'dep_offset': 85058,
  'name': 'merge_1',
  'parent_ending_section': 265,
  'parent_starting_section': 263,
  'potential_children_tasks': [],
  'starting_section': 264,
  'task_id': 134,
  'task_sections_cnt': 1,
  'usage_offset': 107640},
 {'dep_offset': 85456,
  'name': 'merge_2',
  'parent_ending_section': 277,
  'parent_starting_section': 257,
  'potential_children_tasks': [269, 273],
  'starting_section': 268,
  'task_id': 135,
  'task_sections_cnt': 2,
  'usage_offset': 108504},
 {'dep_offset': 86610,
  'name': 'merge_1',
  'parent_ending_section': 276,
  'parent_starting_section': 268,
  'potential_children_tasks': [270],
  'starting_section': 269,
  'task_id': 136,
  'task_sections_cnt': 2,
  'usage_offset': 109479},
 {'dep_offset': 87426,
  'name': 'merge_1',
  'parent_ending_section': 271,
  'parent_starting_section': 269,
  'potential_children_tasks': [],
  'starting_section': 270,
  'task_id': 137,
  'task_sections_cnt': 1,
  'usage_offset': 110481},
 {'dep_offset': 87836,
  'name': 'merge_2',
  'parent_ending_section': 276,
  'parent_starting_section': 268,
  'potential_children_tasks': [274],
  'starting_section': 273,
  'task_id': 138,
  'task_sections_cnt': 2,
  'usage_offset': 111369},
 {'dep_offset': 88680,
  'name': 'merge_1',
  'parent_ending_section': 275,
  'parent_starting_section': 273,
  'potential_children_tasks': [],
  'starting_section': 274,
  'task_id': 139,
  'task_sections_cnt': 1,
  'usage_offset': 112371},
 {'dep_offset': 89104,
  'name': 'merge_2',
  'parent_ending_section': 300,
  'parent_starting_section': 256,
  'potential_children_tasks': [280, 290],
  'starting_section': 279,
  'task_id': 140,
  'task_sections_cnt': 2,
  'usage_offset': 113287},
 {'dep_offset': 90313,
  'name': 'merge_1',
  'parent_ending_section': 299,
  'parent_starting_section': 279,
  'potential_children_tasks': [281, 285],
  'starting_section': 280,
  'task_id': 141,
  'task_sections_cnt': 2,
  'usage_offset': 114235},
 {'dep_offset': 91561,
  'name': 'merge_1',
  'parent_ending_section': 288,
  'parent_starting_section': 280,
  'potential_children_tasks': [282],
  'starting_section': 281,
  'task_id': 142,
  'task_sections_cnt': 2,
  'usage_offset': 115210},
 {'dep_offset': 92463,
  'name': 'merge_1',
  'parent_ending_section': 283,
  'parent_starting_section': 281,
  'potential_children_tasks': [],
  'starting_section': 282,
  'task_id': 143,
  'task_sections_cnt': 1,
  'usage_offset': 116212},
 {'dep_offset': 92916,
  'name': 'merge_2',
  'parent_ending_section': 288,
  'parent_starting_section': 280,
  'potential_children_tasks': [286],
  'starting_section': 285,
  'task_id': 144,
  'task_sections_cnt': 2,
  'usage_offset': 117186},
 {'dep_offset': 93804,
  'name': 'merge_1',
  'parent_ending_section': 287,
  'parent_starting_section': 285,
  'potential_children_tasks': [],
  'starting_section': 286,
  'task_id': 145,
  'task_sections_cnt': 1,
  'usage_offset': 118188},
 {'dep_offset': 94250,
  'name': 'merge_2',
  'parent_ending_section': 299,
  'parent_starting_section': 279,
  'potential_children_tasks': [291, 295],
  'starting_section': 290,
  'task_id': 146,
  'task_sections_cnt': 2,
  'usage_offset': 119148},
 {'dep_offset': 95393,
  'name': 'merge_1',
  'parent_ending_section': 298,
  'parent_starting_section': 290,
  'potential_children_tasks': [292],
  'starting_section': 291,
  'task_id': 147,
  'task_sections_cnt': 2,
  'usage_offset': 120123},
 {'dep_offset': 96229,
  'name': 'merge_1',
  'parent_ending_section': 293,
  'parent_starting_section': 291,
  'potential_children_tasks': [],
  'starting_section': 292,
  'task_id': 148,
  'task_sections_cnt': 1,
  'usage_offset': 121125},
 {'dep_offset': 96649,
  'name': 'merge_2',
  'parent_ending_section': 298,
  'parent_starting_section': 290,
  'potential_children_tasks': [296],
  'starting_section': 295,
  'task_id': 149,
  'task_sections_cnt': 2,
  'usage_offset': 122033},
 {'dep_offset': 97459,
  'name': 'merge_1',
  'parent_ending_section': 297,
  'parent_starting_section': 295,
  'potential_children_tasks': [],
  'starting_section': 296,
  'task_id': 150,
  'task_sections_cnt': 1,
  'usage_offset': 123035},
 {'dep_offset': 97866,
  'name': 'merge_in_sort_3',
  'parent_ending_section': 395,
  'parent_starting_section': 1,
  'potential_children_tasks': [303, 349],
  'starting_section': 302,
  'task_id': 151,
  'task_sections_cnt': 2,
  'usage_offset': 123917},
 {'dep_offset': 98870,
  'name': 'merge_1',
  'parent_ending_section': 394,
  'parent_starting_section': 302,
  'potential_children_tasks': [304, 326],
  'starting_section': 303,
  'task_id': 152,
  'task_sections_cnt': 2,
  'usage_offset': 124636},
 {'dep_offset': 99891,
  'name': 'merge_1',
  'parent_ending_section': 347,
  'parent_starting_section': 303,
  'potential_children_tasks': [305, 315],
  'starting_section': 304,
  'task_id': 153,
  'task_sections_cnt': 2,
  'usage_offset': 125584},
 {'dep_offset': 100801,
  'name': 'merge_1',
  'parent_ending_section': 324,
  'parent_starting_section': 304,
  'potential_children_tasks': [306, 310],
  'starting_section': 305,
  'task_id': 154,
  'task_sections_cnt': 2,
  'usage_offset': 126559},
 {'dep_offset': 101670,
  'name': 'merge_1',
  'parent_ending_section': 313,
  'parent_starting_section': 305,
  'potential_children_tasks': [307],
  'starting_section': 306,
  'task_id': 155,
  'task_sections_cnt': 2,
  'usage_offset': 127561},
 {'dep_offset': 102282,
  'name': 'merge_1',
  'parent_ending_section': 308,
  'parent_starting_section': 306,
  'potential_children_tasks': [],
  'starting_section': 307,
  'task_id': 156,
  'task_sections_cnt': 1,
  'usage_offset': 128590},
 {'dep_offset': 102590,
  'name': 'merge_2',
  'parent_ending_section': 313,
  'parent_starting_section': 305,
  'potential_children_tasks': [311],
  'starting_section': 310,
  'task_id': 157,
  'task_sections_cnt': 2,
  'usage_offset': 129334},
 {'dep_offset': 103298,
  'name': 'merge_1',
  'parent_ending_section': 312,
  'parent_starting_section': 310,
  'potential_children_tasks': [],
  'starting_section': 311,
  'task_id': 158,
  'task_sections_cnt': 1,
  'usage_offset': 130363},
 {'dep_offset': 103654,
  'name': 'merge_2',
  'parent_ending_section': 324,
  'parent_starting_section': 304,
  'potential_children_tasks': [316, 320],
  'starting_section': 315,
  'task_id': 159,
  'task_sections_cnt': 2,
  'usage_offset': 131209},
 {'dep_offset': 104701,
  'name': 'merge_1',
  'parent_ending_section': 323,
  'parent_starting_section': 315,
  'potential_children_tasks': [317],
  'starting_section': 316,
  'task_id': 160,
  'task_sections_cnt': 2,
  'usage_offset': 132211},
 {'dep_offset': 105433,
  'name': 'merge_1',
  'parent_ending_section': 318,
  'parent_starting_section': 316,
  'potential_children_tasks': [],
  'starting_section': 317,
  'task_id': 161,
  'task_sections_cnt': 1,
  'usage_offset': 133240},
 {'dep_offset': 105801,
  'name': 'merge_2',
  'parent_ending_section': 323,
  'parent_starting_section': 315,
  'potential_children_tasks': [321],
  'starting_section': 320,
  'task_id': 162,
  'task_sections_cnt': 2,
  'usage_offset': 134110},
 {'dep_offset': 106599,
  'name': 'merge_1',
  'parent_ending_section': 322,
  'parent_starting_section': 320,
  'potential_children_tasks': [],
  'starting_section': 321,
  'task_id': 163,
  'task_sections_cnt': 1,
  'usage_offset': 135139},
 {'dep_offset': 107000,
  'name': 'merge_2',
  'parent_ending_section': 347,
  'parent_starting_section': 303,
  'potential_children_tasks': [327, 337],
  'starting_section': 326,
  'task_id': 164,
  'task_sections_cnt': 2,
  'usage_offset': 136075},
 {'dep_offset': 108254,
  'name': 'merge_1',
  'parent_ending_section': 346,
  'parent_starting_section': 326,
  'potential_children_tasks': [328, 332],
  'starting_section': 327,
  'task_id': 165,
  'task_sections_cnt': 2,
  'usage_offset': 137050},
 {'dep_offset': 109416,
  'name': 'merge_1',
  'parent_ending_section': 335,
  'parent_starting_section': 327,
  'potential_children_tasks': [329],
  'starting_section': 328,
  'task_id': 166,
  'task_sections_cnt': 2,
  'usage_offset': 138052},
 {'dep_offset': 110224,
  'name': 'merge_1',
  'parent_ending_section': 330,
  'parent_starting_section': 328,
  'potential_children_tasks': [],
  'starting_section': 329,
  'task_id': 167,
  'task_sections_cnt': 1,
  'usage_offset': 139081},
 {'dep_offset': 110630,
  'name': 'merge_2',
  'parent_ending_section': 335,
  'parent_starting_section': 327,
  'potential_children_tasks': [333],
  'starting_section': 332,
  'task_id': 168,
  'task_sections_cnt': 2,
  'usage_offset': 140027},
 {'dep_offset': 111460,
  'name': 'merge_1',
  'parent_ending_section': 334,
  'parent_starting_section': 332,
  'potential_children_tasks': [],
  'starting_section': 333,
  'task_id': 169,
  'task_sections_cnt': 1,
  'usage_offset': 141056},
 {'dep_offset': 111877,
  'name': 'merge_2',
  'parent_ending_section': 346,
  'parent_starting_section': 326,
  'potential_children_tasks': [338, 342],
  'starting_section': 337,
  'task_id': 170,
  'task_sections_cnt': 2,
  'usage_offset': 142024},
 {'dep_offset': 113086,
  'name': 'merge_1',
  'parent_ending_section': 345,
  'parent_starting_section': 337,
  'potential_children_tasks': [339],
  'starting_section': 338,
  'task_id': 171,
  'task_sections_cnt': 2,
  'usage_offset': 143026},
 {'dep_offset': 113950,
  'name': 'merge_1',
  'parent_ending_section': 340,
  'parent_starting_section': 338,
  'potential_children_tasks': [],
  'starting_section': 339,
  'task_id': 172,
  'task_sections_cnt': 1,
  'usage_offset': 144055},
 {'dep_offset': 114384,
  'name': 'merge_2',
  'parent_ending_section': 345,
  'parent_starting_section': 337,
  'potential_children_tasks': [343],
  'starting_section': 342,
  'task_id': 173,
  'task_sections_cnt': 2,
  'usage_offset': 145057},
 {'dep_offset': 115226,
  'name': 'merge_1',
  'parent_ending_section': 344,
  'parent_starting_section': 342,
  'potential_children_tasks': [],
  'starting_section': 343,
  'task_id': 174,
  'task_sections_cnt': 1,
  'usage_offset': 146086},
 {'dep_offset': 115649,
  'name': 'merge_2',
  'parent_ending_section': 394,
  'parent_starting_section': 302,
  'potential_children_tasks': [350, 372],
  'starting_section': 349,
  'task_id': 175,
  'task_sections_cnt': 2,
  'usage_offset': 147066},
 {'dep_offset': 116798,
  'name': 'merge_1',
  'parent_ending_section': 393,
  'parent_starting_section': 349,
  'potential_children_tasks': [351, 361],
  'starting_section': 350,
  'task_id': 176,
  'task_sections_cnt': 2,
  'usage_offset': 148014},
 {'dep_offset': 118061,
  'name': 'merge_1',
  'parent_ending_section': 370,
  'parent_starting_section': 350,
  'potential_children_tasks': [352, 356],
  'starting_section': 351,
  'task_id': 177,
  'task_sections_cnt': 2,
  'usage_offset': 148989},
 {'dep_offset': 119254,
  'name': 'merge_1',
  'parent_ending_section': 359,
  'parent_starting_section': 351,
  'potential_children_tasks': [353],
  'starting_section': 352,
  'task_id': 178,
  'task_sections_cnt': 2,
  'usage_offset': 149991},
 {'dep_offset': 120074,
  'name': 'merge_1',
  'parent_ending_section': 354,
  'parent_starting_section': 352,
  'potential_children_tasks': [],
  'starting_section': 353,
  'task_id': 179,
  'task_sections_cnt': 1,
  'usage_offset': 151020},
 {'dep_offset': 120486,
  'name': 'merge_2',
  'parent_ending_section': 359,
  'parent_starting_section': 351,
  'potential_children_tasks': [357],
  'starting_section': 356,
  'task_id': 180,
  'task_sections_cnt': 2,
  'usage_offset': 151978},
 {'dep_offset': 121354,
  'name': 'merge_1',
  'parent_ending_section': 358,
  'parent_starting_section': 356,
  'potential_children_tasks': [],
  'starting_section': 357,
  'task_id': 181,
  'task_sections_cnt': 1,
  'usage_offset': 153007},
 {'dep_offset': 121790,
  'name': 'merge_2',
  'parent_ending_section': 370,
  'parent_starting_section': 350,
  'potential_children_tasks': [362, 366],
  'starting_section': 361,
  'task_id': 182,
  'task_sections_cnt': 2,
  'usage_offset': 154015},
 {'dep_offset': 123012,
  'name': 'merge_1',
  'parent_ending_section': 369,
  'parent_starting_section': 361,
  'potential_children_tasks': [363],
  'starting_section': 362,
  'task_id': 183,
  'task_sections_cnt': 2,
  'usage_offset': 155017},
 {'dep_offset': 123876,
  'name': 'merge_1',
  'parent_ending_section': 364,
  'parent_starting_section': 362,
  'potential_children_tasks': [],
  'starting_section': 363,
  'task_id': 184,
  'task_sections_cnt': 1,
  'usage_offset': 156046},
 {'dep_offset': 124310,
  'name': 'merge_2',
  'parent_ending_section': 369,
  'parent_starting_section': 361,
  'potential_children_tasks': [367],
  'starting_section': 366,
  'task_id': 185,
  'task_sections_cnt': 2,
  'usage_offset': 157052},
 {'dep_offset': 125174,
  'name': 'merge_1',
  'parent_ending_section': 368,
  'parent_starting_section': 366,
  'potential_children_tasks': [],
  'starting_section': 367,
  'task_id': 186,
  'task_sections_cnt': 1,
  'usage_offset': 158081},
 {'dep_offset': 125608,
  'name': 'merge_2',
  'parent_ending_section': 393,
  'parent_starting_section': 349,
  'potential_children_tasks': [373, 383],
  'starting_section': 372,
  'task_id': 187,
  'task_sections_cnt': 2,
  'usage_offset': 159087},
 {'dep_offset': 126659,
  'name': 'merge_1',
  'parent_ending_section': 392,
  'parent_starting_section': 372,
  'potential_children_tasks': [374, 378],
  'starting_section': 373,
  'task_id': 188,
  'task_sections_cnt': 2,
  'usage_offset': 160062},
 {'dep_offset': 127732,
  'name': 'merge_1',
  'parent_ending_section': 381,
  'parent_starting_section': 373,
  'potential_children_tasks': [375],
  'starting_section': 374,
  'task_id': 189,
  'task_sections_cnt': 2,
  'usage_offset': 161064},
 {'dep_offset': 128504,
  'name': 'merge_1',
  'parent_ending_section': 376,
  'parent_starting_section': 374,
  'potential_children_tasks': [],
  'starting_section': 375,
  'task_id': 190,
  'task_sections_cnt': 1,
  'usage_offset': 162093},
 {'dep_offset': 128892,
  'name': 'merge_2',
  'parent_ending_section': 381,
  'parent_starting_section': 373,
  'potential_children_tasks': [379],
  'starting_section': 378,
  'task_id': 191,
  'task_sections_cnt': 2,
  'usage_offset': 163007},
 {'dep_offset': 129690,
  'name': 'merge_1',
  'parent_ending_section': 380,
  'parent_starting_section': 378,
  'potential_children_tasks': [],
  'starting_section': 379,
  'task_id': 192,
  'task_sections_cnt': 1,
  'usage_offset': 164036},
 {'dep_offset': 130091,
  'name': 'merge_2',
  'parent_ending_section': 392,
  'parent_starting_section': 372,
  'potential_children_tasks': [384, 388],
  'starting_section': 383,
  'task_id': 193,
  'task_sections_cnt': 2,
  'usage_offset': 164976},
 {'dep_offset': 131147,
  'name': 'merge_1',
  'parent_ending_section': 391,
  'parent_starting_section': 383,
  'potential_children_tasks': [385],
  'starting_section': 384,
  'task_id': 194,
  'task_sections_cnt': 2,
  'usage_offset': 165978},
 {'dep_offset': 131945,
  'name': 'merge_1',
  'parent_ending_section': 386,
  'parent_starting_section': 384,
  'potential_children_tasks': [],
  'starting_section': 385,
  'task_id': 195,
  'task_sections_cnt': 1,
  'usage_offset': 167007},
 {'dep_offset': 132346,
  'name': 'merge_2',
  'parent_ending_section': 391,
  'parent_starting_section': 383,
  'potential_children_tasks': [389],
  'starting_section': 388,
  'task_id': 196,
  'task_sections_cnt': 2,
  'usage_offset': 167947},
 {'dep_offset': 133080,
  'name': 'merge_1',
  'parent_ending_section': 390,
  'parent_starting_section': 388,
  'potential_children_tasks': [],
  'starting_section': 389,
  'task_id': 197,
  'task_sections_cnt': 1,
  'usage_offset': 168976}]
