->;section;tareador_instrumented_section;;;;0
nw;0;[0x649e10,+128);global;A;dot_product.c;9;-|
nw;1;[0x649e90,+8);global;B;dot_product.c;10;-|
nw;2;[0x7ffc67c688b1,+14);stack;argv[0];-|
nw;3;[0x7ffc67c67a9c,+4);stack;unknown_name;-|
nw;4;[0x7ffc67c67a98,+4);stack;argc;-|
nw;5;[0x7ffc67c67a90,+8);stack;argv;-|
nw;6;[0x7ffc67c67a80,+16);stack;start;-|
nw;7;[0x7ffc67c67a70,+16);stack;stop;-|
nw;8;[0x7ffc67c67a68,+8);stack;elapsed;-|
nw;9;[0x7ffc67c67a60,+8);stack;result;-|
nw;10;[0x7ffc67c67a58,+8);stack;B;-|
nw;11;[0x7ffc67c67a54,+4);stack;i;-|
nw;12;[0x240f0c0,+128);heap;uncast(*(B));;main;/scratch/nas/1/par2108/sessio1/lab1/dot_product/dot_product.c;40;-|
  ->;section;Tareador_Main;;;;0
    ->;section;init_A;;;;15
    us;0;loads;;stores;[0,128)
    us;11;loads;;stores;[0,4)
    <-;section;init_A;;;;244
    ->;section;init_B;;;;244
    us;10;loads;[0,8);stores;
    us;11;loads;;stores;[0,4)
    us;12;loads;;stores;[0,128)
    <-;section;init_B;;;;505
    ->;section;dot_product;;;;506
    us;0;loads;[0,128);stores;
    us;9;loads;;stores;[0,8)
    us;10;loads;[0,8);stores;
    us;12;loads;[0,128);stores;
    <-;section;dot_product;;;;105234
  <-;section;Tareador_Main;;;;105234
dl;3;[0x7ffc67c67a9c,+4);stack;unknown_name;-|
dl;4;[0x7ffc67c67a98,+4);stack;argc;-|
dl;5;[0x7ffc67c67a90,+8);stack;argv;-|
dl;6;[0x7ffc67c67a80,+16);stack;start;-|
dl;7;[0x7ffc67c67a70,+16);stack;stop;-|
dl;8;[0x7ffc67c67a68,+8);stack;elapsed;-|
dl;9;[0x7ffc67c67a60,+8);stack;result;-|
dl;10;[0x7ffc67c67a58,+8);stack;B;-|
dl;11;[0x7ffc67c67a54,+4);stack;i;-|
<-;section;tareador_instrumented_section;;;;105234
