	MAIN_TAREADOR	multisort_1	multisort_2	multisort_3	multisort_4	merge_in_sort_1	merge_1	merge_2	merge_in_sort_2	merge_in_sort_3	
THREAD 1.1.1	53000.00	0.00	0.00	0.00	0.00	0.00	0.00	0.00	0.00	0.00	
THREAD 1.1.2	0.00	22000.00	0.00	0.00	0.00	0.00	0.00	0.00	0.00	0.00	
THREAD 1.1.3	0.00	1217120000.00	0.00	0.00	0.00	0.00	0.00	0.00	0.00	0.00	
THREAD 1.1.4	0.00	0.00	1236849000.00	0.00	0.00	0.00	0.00	0.00	0.00	0.00	
THREAD 1.1.5	0.00	0.00	0.00	1231199000.00	0.00	0.00	0.00	0.00	0.00	0.00	
THREAD 1.1.6	0.00	0.00	0.00	0.00	1240901000.00	0.00	0.00	0.00	0.00	0.00	
THREAD 1.1.7	0.00	0.00	0.00	0.00	0.00	36000.00	0.00	0.00	0.00	0.00	
THREAD 1.1.8	0.00	0.00	0.00	0.00	0.00	0.00	31000.00	0.00	0.00	0.00	
THREAD 1.1.9	0.00	0.00	0.00	0.00	0.00	0.00	10301000.00	0.00	0.00	0.00	
THREAD 1.1.10	0.00	0.00	0.00	0.00	0.00	0.00	0.00	34000.00	0.00	0.00	
THREAD 1.1.11	0.00	0.00	0.00	0.00	0.00	0.00	11227000.00	0.00	0.00	0.00	
THREAD 1.1.12	0.00	0.00	0.00	0.00	0.00	0.00	0.00	0.00	41000.00	0.00	
THREAD 1.1.13	0.00	0.00	0.00	0.00	0.00	0.00	31000.00	0.00	0.00	0.00	
THREAD 1.1.14	0.00	0.00	0.00	0.00	0.00	0.00	10301000.00	0.00	0.00	0.00	
THREAD 1.1.15	0.00	0.00	0.00	0.00	0.00	0.00	0.00	34000.00	0.00	0.00	
THREAD 1.1.16	0.00	0.00	0.00	0.00	0.00	0.00	11259000.00	0.00	0.00	0.00	
THREAD 1.1.17	0.00	0.00	0.00	0.00	0.00	0.00	0.00	0.00	0.00	35000.00	
THREAD 1.1.18	0.00	0.00	0.00	0.00	0.00	0.00	31000.00	0.00	0.00	0.00	
THREAD 1.1.19	0.00	0.00	0.00	0.00	0.00	0.00	31000.00	0.00	0.00	0.00	
THREAD 1.1.20	0.00	0.00	0.00	0.00	0.00	0.00	10301000.00	0.00	0.00	0.00	
THREAD 1.1.21	0.00	0.00	0.00	0.00	0.00	0.00	0.00	34000.00	0.00	0.00	
THREAD 1.1.22	0.00	0.00	0.00	0.00	0.00	0.00	11260000.00	0.00	0.00	0.00	
THREAD 1.1.23	0.00	0.00	0.00	0.00	0.00	0.00	0.00	34000.00	0.00	0.00	
THREAD 1.1.24	0.00	0.00	0.00	0.00	0.00	0.00	31000.00	0.00	0.00	0.00	
THREAD 1.1.25	0.00	0.00	0.00	0.00	0.00	0.00	11394000.00	0.00	0.00	0.00	
THREAD 1.1.26	0.00	0.00	0.00	0.00	0.00	0.00	0.00	34000.00	0.00	0.00	
THREAD 1.1.27	0.00	0.00	0.00	0.00	0.00	0.00	11249000.00	0.00	0.00	0.00	
THREAD 1.1.28	0.00	0.00	26000.00	0.00	0.00	0.00	0.00	0.00	0.00	0.00	
THREAD 1.1.29	0.00	1221895000.00	0.00	0.00	0.00	0.00	0.00	0.00	0.00	0.00	
THREAD 1.1.30	0.00	0.00	1229624000.00	0.00	0.00	0.00	0.00	0.00	0.00	0.00	
THREAD 1.1.31	0.00	0.00	0.00	1232299000.00	0.00	0.00	0.00	0.00	0.00	0.00	
THREAD 1.1.32	0.00	0.00	0.00	0.00	1210726000.00	0.00	0.00	0.00	0.00	0.00	
THREAD 1.1.33	0.00	0.00	0.00	0.00	0.00	36000.00	0.00	0.00	0.00	0.00	
THREAD 1.1.34	0.00	0.00	0.00	0.00	0.00	0.00	31000.00	0.00	0.00	0.00	
THREAD 1.1.35	0.00	0.00	0.00	0.00	0.00	0.00	10301000.00	0.00	0.00	0.00	
THREAD 1.1.36	0.00	0.00	0.00	0.00	0.00	0.00	0.00	34000.00	0.00	0.00	
THREAD 1.1.37	0.00	0.00	0.00	0.00	0.00	0.00	11238000.00	0.00	0.00	0.00	
THREAD 1.1.38	0.00	0.00	0.00	0.00	0.00	0.00	0.00	0.00	41000.00	0.00	
THREAD 1.1.39	0.00	0.00	0.00	0.00	0.00	0.00	31000.00	0.00	0.00	0.00	
THREAD 1.1.40	0.00	0.00	0.00	0.00	0.00	0.00	10301000.00	0.00	0.00	0.00	
THREAD 1.1.41	0.00	0.00	0.00	0.00	0.00	0.00	0.00	34000.00	0.00	0.00	
THREAD 1.1.42	0.00	0.00	0.00	0.00	0.00	0.00	11254000.00	0.00	0.00	0.00	
THREAD 1.1.43	0.00	0.00	0.00	0.00	0.00	0.00	0.00	0.00	0.00	35000.00	
THREAD 1.1.44	0.00	0.00	0.00	0.00	0.00	0.00	31000.00	0.00	0.00	0.00	
THREAD 1.1.45	0.00	0.00	0.00	0.00	0.00	0.00	31000.00	0.00	0.00	0.00	
THREAD 1.1.46	0.00	0.00	0.00	0.00	0.00	0.00	10301000.00	0.00	0.00	0.00	
THREAD 1.1.47	0.00	0.00	0.00	0.00	0.00	0.00	0.00	34000.00	0.00	0.00	
THREAD 1.1.48	0.00	0.00	0.00	0.00	0.00	0.00	11270000.00	0.00	0.00	0.00	
THREAD 1.1.49	0.00	0.00	0.00	0.00	0.00	0.00	0.00	34000.00	0.00	0.00	
THREAD 1.1.50	0.00	0.00	0.00	0.00	0.00	0.00	31000.00	0.00	0.00	0.00	
THREAD 1.1.51	0.00	0.00	0.00	0.00	0.00	0.00	11394000.00	0.00	0.00	0.00	
THREAD 1.1.52	0.00	0.00	0.00	0.00	0.00	0.00	0.00	34000.00	0.00	0.00	
THREAD 1.1.53	0.00	0.00	0.00	0.00	0.00	0.00	10870000.00	0.00	0.00	0.00	
THREAD 1.1.54	0.00	0.00	0.00	26000.00	0.00	0.00	0.00	0.00	0.00	0.00	
THREAD 1.1.55	0.00	1194070000.00	0.00	0.00	0.00	0.00	0.00	0.00	0.00	0.00	
THREAD 1.1.56	0.00	0.00	1243874000.00	0.00	0.00	0.00	0.00	0.00	0.00	0.00	
THREAD 1.1.57	0.00	0.00	0.00	1243899000.00	0.00	0.00	0.00	0.00	0.00	0.00	
THREAD 1.1.58	0.00	0.00	0.00	0.00	1208426000.00	0.00	0.00	0.00	0.00	0.00	
THREAD 1.1.59	0.00	0.00	0.00	0.00	0.00	36000.00	0.00	0.00	0.00	0.00	
THREAD 1.1.60	0.00	0.00	0.00	0.00	0.00	0.00	31000.00	0.00	0.00	0.00	
THREAD 1.1.61	0.00	0.00	0.00	0.00	0.00	0.00	10301000.00	0.00	0.00	0.00	
THREAD 1.1.62	0.00	0.00	0.00	0.00	0.00	0.00	0.00	34000.00	0.00	0.00	
THREAD 1.1.63	0.00	0.00	0.00	0.00	0.00	0.00	11249000.00	0.00	0.00	0.00	
THREAD 1.1.64	0.00	0.00	0.00	0.00	0.00	0.00	0.00	0.00	41000.00	0.00	
THREAD 1.1.65	0.00	0.00	0.00	0.00	0.00	0.00	31000.00	0.00	0.00	0.00	
THREAD 1.1.66	0.00	0.00	0.00	0.00	0.00	0.00	10301000.00	0.00	0.00	0.00	
THREAD 1.1.67	0.00	0.00	0.00	0.00	0.00	0.00	0.00	34000.00	0.00	0.00	
THREAD 1.1.68	0.00	0.00	0.00	0.00	0.00	0.00	10870000.00	0.00	0.00	0.00	
THREAD 1.1.69	0.00	0.00	0.00	0.00	0.00	0.00	0.00	0.00	0.00	35000.00	
THREAD 1.1.70	0.00	0.00	0.00	0.00	0.00	0.00	31000.00	0.00	0.00	0.00	
THREAD 1.1.71	0.00	0.00	0.00	0.00	0.00	0.00	31000.00	0.00	0.00	0.00	
THREAD 1.1.72	0.00	0.00	0.00	0.00	0.00	0.00	10301000.00	0.00	0.00	0.00	
THREAD 1.1.73	0.00	0.00	0.00	0.00	0.00	0.00	0.00	34000.00	0.00	0.00	
THREAD 1.1.74	0.00	0.00	0.00	0.00	0.00	0.00	11260000.00	0.00	0.00	0.00	
THREAD 1.1.75	0.00	0.00	0.00	0.00	0.00	0.00	0.00	34000.00	0.00	0.00	
THREAD 1.1.76	0.00	0.00	0.00	0.00	0.00	0.00	31000.00	0.00	0.00	0.00	
THREAD 1.1.77	0.00	0.00	0.00	0.00	0.00	0.00	11268000.00	0.00	0.00	0.00	
THREAD 1.1.78	0.00	0.00	0.00	0.00	0.00	0.00	0.00	34000.00	0.00	0.00	
THREAD 1.1.79	0.00	0.00	0.00	0.00	0.00	0.00	11222000.00	0.00	0.00	0.00	
THREAD 1.1.80	0.00	0.00	0.00	0.00	28000.00	0.00	0.00	0.00	0.00	0.00	
THREAD 1.1.81	0.00	1215870000.00	0.00	0.00	0.00	0.00	0.00	0.00	0.00	0.00	
THREAD 1.1.82	0.00	0.00	1224899000.00	0.00	0.00	0.00	0.00	0.00	0.00	0.00	
THREAD 1.1.83	0.00	0.00	0.00	1239849000.00	0.00	0.00	0.00	0.00	0.00	0.00	
THREAD 1.1.84	0.00	0.00	0.00	0.00	1232701000.00	0.00	0.00	0.00	0.00	0.00	
THREAD 1.1.85	0.00	0.00	0.00	0.00	0.00	36000.00	0.00	0.00	0.00	0.00	
THREAD 1.1.86	0.00	0.00	0.00	0.00	0.00	0.00	31000.00	0.00	0.00	0.00	
THREAD 1.1.87	0.00	0.00	0.00	0.00	0.00	0.00	10301000.00	0.00	0.00	0.00	
THREAD 1.1.88	0.00	0.00	0.00	0.00	0.00	0.00	0.00	34000.00	0.00	0.00	
THREAD 1.1.89	0.00	0.00	0.00	0.00	0.00	0.00	11123000.00	0.00	0.00	0.00	
THREAD 1.1.90	0.00	0.00	0.00	0.00	0.00	0.00	0.00	0.00	41000.00	0.00	
THREAD 1.1.91	0.00	0.00	0.00	0.00	0.00	0.00	31000.00	0.00	0.00	0.00	
THREAD 1.1.92	0.00	0.00	0.00	0.00	0.00	0.00	10301000.00	0.00	0.00	0.00	
THREAD 1.1.93	0.00	0.00	0.00	0.00	0.00	0.00	0.00	34000.00	0.00	0.00	
THREAD 1.1.94	0.00	0.00	0.00	0.00	0.00	0.00	11032000.00	0.00	0.00	0.00	
THREAD 1.1.95	0.00	0.00	0.00	0.00	0.00	0.00	0.00	0.00	0.00	35000.00	
THREAD 1.1.96	0.00	0.00	0.00	0.00	0.00	0.00	31000.00	0.00	0.00	0.00	
THREAD 1.1.97	0.00	0.00	0.00	0.00	0.00	0.00	31000.00	0.00	0.00	0.00	
THREAD 1.1.98	0.00	0.00	0.00	0.00	0.00	0.00	10301000.00	0.00	0.00	0.00	
THREAD 1.1.99	0.00	0.00	0.00	0.00	0.00	0.00	0.00	34000.00	0.00	0.00	
THREAD 1.1.100	0.00	0.00	0.00	0.00	0.00	0.00	11134000.00	0.00	0.00	0.00	
THREAD 1.1.101	0.00	0.00	0.00	0.00	0.00	0.00	0.00	34000.00	0.00	0.00	
THREAD 1.1.102	0.00	0.00	0.00	0.00	0.00	0.00	31000.00	0.00	0.00	0.00	
THREAD 1.1.103	0.00	0.00	0.00	0.00	0.00	0.00	11384000.00	0.00	0.00	0.00	
THREAD 1.1.104	0.00	0.00	0.00	0.00	0.00	0.00	0.00	34000.00	0.00	0.00	
THREAD 1.1.105	0.00	0.00	0.00	0.00	0.00	0.00	11249000.00	0.00	0.00	0.00	
THREAD 1.1.106	0.00	0.00	0.00	0.00	0.00	36000.00	0.00	0.00	0.00	0.00	
THREAD 1.1.107	0.00	0.00	0.00	0.00	0.00	0.00	31000.00	0.00	0.00	0.00	
THREAD 1.1.108	0.00	0.00	0.00	0.00	0.00	0.00	31000.00	0.00	0.00	0.00	
THREAD 1.1.109	0.00	0.00	0.00	0.00	0.00	0.00	31000.00	0.00	0.00	0.00	
THREAD 1.1.110	0.00	0.00	0.00	0.00	0.00	0.00	10301000.00	0.00	0.00	0.00	
THREAD 1.1.111	0.00	0.00	0.00	0.00	0.00	0.00	0.00	34000.00	0.00	0.00	
THREAD 1.1.112	0.00	0.00	0.00	0.00	0.00	0.00	11260000.00	0.00	0.00	0.00	
THREAD 1.1.113	0.00	0.00	0.00	0.00	0.00	0.00	0.00	34000.00	0.00	0.00	
THREAD 1.1.114	0.00	0.00	0.00	0.00	0.00	0.00	31000.00	0.00	0.00	0.00	
THREAD 1.1.115	0.00	0.00	0.00	0.00	0.00	0.00	11258000.00	0.00	0.00	0.00	
THREAD 1.1.116	0.00	0.00	0.00	0.00	0.00	0.00	0.00	34000.00	0.00	0.00	
THREAD 1.1.117	0.00	0.00	0.00	0.00	0.00	0.00	11268000.00	0.00	0.00	0.00	
THREAD 1.1.118	0.00	0.00	0.00	0.00	0.00	0.00	0.00	34000.00	0.00	0.00	
THREAD 1.1.119	0.00	0.00	0.00	0.00	0.00	0.00	31000.00	0.00	0.00	0.00	
THREAD 1.1.120	0.00	0.00	0.00	0.00	0.00	0.00	31000.00	0.00	0.00	0.00	
THREAD 1.1.121	0.00	0.00	0.00	0.00	0.00	0.00	11508000.00	0.00	0.00	0.00	
THREAD 1.1.122	0.00	0.00	0.00	0.00	0.00	0.00	0.00	34000.00	0.00	0.00	
THREAD 1.1.123	0.00	0.00	0.00	0.00	0.00	0.00	11394000.00	0.00	0.00	0.00	
THREAD 1.1.124	0.00	0.00	0.00	0.00	0.00	0.00	0.00	34000.00	0.00	0.00	
THREAD 1.1.125	0.00	0.00	0.00	0.00	0.00	0.00	31000.00	0.00	0.00	0.00	
THREAD 1.1.126	0.00	0.00	0.00	0.00	0.00	0.00	10400000.00	0.00	0.00	0.00	
THREAD 1.1.127	0.00	0.00	0.00	0.00	0.00	0.00	0.00	34000.00	0.00	0.00	
THREAD 1.1.128	0.00	0.00	0.00	0.00	0.00	0.00	11248000.00	0.00	0.00	0.00	
THREAD 1.1.129	0.00	0.00	0.00	0.00	0.00	0.00	0.00	0.00	41000.00	0.00	
THREAD 1.1.130	0.00	0.00	0.00	0.00	0.00	0.00	31000.00	0.00	0.00	0.00	
THREAD 1.1.131	0.00	0.00	0.00	0.00	0.00	0.00	31000.00	0.00	0.00	0.00	
THREAD 1.1.132	0.00	0.00	0.00	0.00	0.00	0.00	31000.00	0.00	0.00	0.00	
THREAD 1.1.133	0.00	0.00	0.00	0.00	0.00	0.00	10301000.00	0.00	0.00	0.00	
THREAD 1.1.134	0.00	0.00	0.00	0.00	0.00	0.00	0.00	34000.00	0.00	0.00	
THREAD 1.1.135	0.00	0.00	0.00	0.00	0.00	0.00	11144000.00	0.00	0.00	0.00	
THREAD 1.1.136	0.00	0.00	0.00	0.00	0.00	0.00	0.00	34000.00	0.00	0.00	
THREAD 1.1.137	0.00	0.00	0.00	0.00	0.00	0.00	31000.00	0.00	0.00	0.00	
THREAD 1.1.138	0.00	0.00	0.00	0.00	0.00	0.00	11268000.00	0.00	0.00	0.00	
THREAD 1.1.139	0.00	0.00	0.00	0.00	0.00	0.00	0.00	34000.00	0.00	0.00	
THREAD 1.1.140	0.00	0.00	0.00	0.00	0.00	0.00	11394000.00	0.00	0.00	0.00	
THREAD 1.1.141	0.00	0.00	0.00	0.00	0.00	0.00	0.00	34000.00	0.00	0.00	
THREAD 1.1.142	0.00	0.00	0.00	0.00	0.00	0.00	31000.00	0.00	0.00	0.00	
THREAD 1.1.143	0.00	0.00	0.00	0.00	0.00	0.00	31000.00	0.00	0.00	0.00	
THREAD 1.1.144	0.00	0.00	0.00	0.00	0.00	0.00	11508000.00	0.00	0.00	0.00	
THREAD 1.1.145	0.00	0.00	0.00	0.00	0.00	0.00	0.00	34000.00	0.00	0.00	
THREAD 1.1.146	0.00	0.00	0.00	0.00	0.00	0.00	11384000.00	0.00	0.00	0.00	
THREAD 1.1.147	0.00	0.00	0.00	0.00	0.00	0.00	0.00	34000.00	0.00	0.00	
THREAD 1.1.148	0.00	0.00	0.00	0.00	0.00	0.00	31000.00	0.00	0.00	0.00	
THREAD 1.1.149	0.00	0.00	0.00	0.00	0.00	0.00	11268000.00	0.00	0.00	0.00	
THREAD 1.1.150	0.00	0.00	0.00	0.00	0.00	0.00	0.00	34000.00	0.00	0.00	
THREAD 1.1.151	0.00	0.00	0.00	0.00	0.00	0.00	11244000.00	0.00	0.00	0.00	
THREAD 1.1.152	0.00	0.00	0.00	0.00	0.00	0.00	0.00	0.00	0.00	35000.00	
THREAD 1.1.153	0.00	0.00	0.00	0.00	0.00	0.00	31000.00	0.00	0.00	0.00	
THREAD 1.1.154	0.00	0.00	0.00	0.00	0.00	0.00	31000.00	0.00	0.00	0.00	
THREAD 1.1.155	0.00	0.00	0.00	0.00	0.00	0.00	31000.00	0.00	0.00	0.00	
THREAD 1.1.156	0.00	0.00	0.00	0.00	0.00	0.00	31000.00	0.00	0.00	0.00	
THREAD 1.1.157	0.00	0.00	0.00	0.00	0.00	0.00	10301000.00	0.00	0.00	0.00	
THREAD 1.1.158	0.00	0.00	0.00	0.00	0.00	0.00	0.00	34000.00	0.00	0.00	
THREAD 1.1.159	0.00	0.00	0.00	0.00	0.00	0.00	11134000.00	0.00	0.00	0.00	
THREAD 1.1.160	0.00	0.00	0.00	0.00	0.00	0.00	0.00	34000.00	0.00	0.00	
THREAD 1.1.161	0.00	0.00	0.00	0.00	0.00	0.00	31000.00	0.00	0.00	0.00	
THREAD 1.1.162	0.00	0.00	0.00	0.00	0.00	0.00	11144000.00	0.00	0.00	0.00	
THREAD 1.1.163	0.00	0.00	0.00	0.00	0.00	0.00	0.00	34000.00	0.00	0.00	
THREAD 1.1.164	0.00	0.00	0.00	0.00	0.00	0.00	11268000.00	0.00	0.00	0.00	
THREAD 1.1.165	0.00	0.00	0.00	0.00	0.00	0.00	0.00	34000.00	0.00	0.00	
THREAD 1.1.166	0.00	0.00	0.00	0.00	0.00	0.00	31000.00	0.00	0.00	0.00	
THREAD 1.1.167	0.00	0.00	0.00	0.00	0.00	0.00	31000.00	0.00	0.00	0.00	
THREAD 1.1.168	0.00	0.00	0.00	0.00	0.00	0.00	11518000.00	0.00	0.00	0.00	
THREAD 1.1.169	0.00	0.00	0.00	0.00	0.00	0.00	0.00	34000.00	0.00	0.00	
THREAD 1.1.170	0.00	0.00	0.00	0.00	0.00	0.00	11634000.00	0.00	0.00	0.00	
THREAD 1.1.171	0.00	0.00	0.00	0.00	0.00	0.00	0.00	34000.00	0.00	0.00	
THREAD 1.1.172	0.00	0.00	0.00	0.00	0.00	0.00	31000.00	0.00	0.00	0.00	
THREAD 1.1.173	0.00	0.00	0.00	0.00	0.00	0.00	11382000.00	0.00	0.00	0.00	
THREAD 1.1.174	0.00	0.00	0.00	0.00	0.00	0.00	0.00	34000.00	0.00	0.00	
THREAD 1.1.175	0.00	0.00	0.00	0.00	0.00	0.00	11644000.00	0.00	0.00	0.00	
THREAD 1.1.176	0.00	0.00	0.00	0.00	0.00	0.00	0.00	34000.00	0.00	0.00	
THREAD 1.1.177	0.00	0.00	0.00	0.00	0.00	0.00	31000.00	0.00	0.00	0.00	
THREAD 1.1.178	0.00	0.00	0.00	0.00	0.00	0.00	31000.00	0.00	0.00	0.00	
THREAD 1.1.179	0.00	0.00	0.00	0.00	0.00	0.00	31000.00	0.00	0.00	0.00	
THREAD 1.1.180	0.00	0.00	0.00	0.00	0.00	0.00	11144000.00	0.00	0.00	0.00	
THREAD 1.1.181	0.00	0.00	0.00	0.00	0.00	0.00	0.00	34000.00	0.00	0.00	
THREAD 1.1.182	0.00	0.00	0.00	0.00	0.00	0.00	11518000.00	0.00	0.00	0.00	
THREAD 1.1.183	0.00	0.00	0.00	0.00	0.00	0.00	0.00	34000.00	0.00	0.00	
THREAD 1.1.184	0.00	0.00	0.00	0.00	0.00	0.00	31000.00	0.00	0.00	0.00	
THREAD 1.1.185	0.00	0.00	0.00	0.00	0.00	0.00	11508000.00	0.00	0.00	0.00	
THREAD 1.1.186	0.00	0.00	0.00	0.00	0.00	0.00	0.00	34000.00	0.00	0.00	
THREAD 1.1.187	0.00	0.00	0.00	0.00	0.00	0.00	11382000.00	0.00	0.00	0.00	
THREAD 1.1.188	0.00	0.00	0.00	0.00	0.00	0.00	0.00	34000.00	0.00	0.00	
THREAD 1.1.189	0.00	0.00	0.00	0.00	0.00	0.00	31000.00	0.00	0.00	0.00	
THREAD 1.1.190	0.00	0.00	0.00	0.00	0.00	0.00	31000.00	0.00	0.00	0.00	
THREAD 1.1.191	0.00	0.00	0.00	0.00	0.00	0.00	11010000.00	0.00	0.00	0.00	
THREAD 1.1.192	0.00	0.00	0.00	0.00	0.00	0.00	0.00	34000.00	0.00	0.00	
THREAD 1.1.193	0.00	0.00	0.00	0.00	0.00	0.00	11510000.00	0.00	0.00	0.00	
THREAD 1.1.194	0.00	0.00	0.00	0.00	0.00	0.00	0.00	34000.00	0.00	0.00	
THREAD 1.1.195	0.00	0.00	0.00	0.00	0.00	0.00	31000.00	0.00	0.00	0.00	
THREAD 1.1.196	0.00	0.00	0.00	0.00	0.00	0.00	11134000.00	0.00	0.00	0.00	
THREAD 1.1.197	0.00	0.00	0.00	0.00	0.00	0.00	0.00	34000.00	0.00	0.00	
THREAD 1.1.198	0.00	0.00	0.00	0.00	0.00	0.00	11123000.00	0.00	0.00	0.00	

Total	53000.00	4848977000.00	4935272000.00	4947272000.00	4892782000.00	180000.00	707839000.00	1666000.00	205000.00	175000.00	
Average	53000.00	969795400.00	987054400.00	989454400.00	978556400.00	36000.00	6264061.95	34000.00	41000.00	35000.00	
Maximum	53000.00	1221895000.00	1243874000.00	1243899000.00	1240901000.00	36000.00	11644000.00	34000.00	41000.00	35000.00	
Minimum	53000.00	22000.00	26000.00	26000.00	28000.00	36000.00	31000.00	34000.00	41000.00	35000.00	
Stdev	0.00	484981632.31	493556233.09	494736701.75	489423079.27	0.00	5464206.00	0.00	0.00	0.00	
Avg/Max	1.00	0.79	0.79	0.80	0.79	1.00	0.54	1.00	1.00	1.00	

